0 info it worked if it ends with ok
1 verbose cli [ 'node',
1 verbose cli   '/usr/local/bin/npm',
1 verbose cli   'uninstall',
1 verbose cli   'node-build-script',
1 verbose cli   '-g' ]
2 info using npm@1.2.0
3 info using node@v0.8.17
4 info /usr/local/lib/node_modules/node-build-script unbuild
5 verbose read json /usr/local/lib/node_modules/node-build-script/package.json
6 info preuninstall node-build-script@0.2.3
7 info uninstall node-build-script@0.2.3
8 verbose true,/usr/local/lib/node_modules,/usr/local/lib/node_modules unbuild node-build-script@0.2.3
9 verbose /usr/local/bin,[object Object] binRoot
10 error Error: EACCES, unlink '/usr/local/bin/html5-boilerplate'
10 error  { [Error: EACCES, unlink '/usr/local/bin/html5-boilerplate']
10 error   errno: 3,
10 error   code: 'EACCES',
10 error   path: '/usr/local/bin/html5-boilerplate' }
11 error Please try running this command again as root/Administrator.
12 error System Darwin 11.4.2
13 error command "node" "/usr/local/bin/npm" "uninstall" "node-build-script" "-g"
14 error cwd /Users/Connor/Documents/websites/connor-mcnabb.com
15 error node -v v0.8.17
16 error npm -v 1.2.0
17 error path /usr/local/bin/html5-boilerplate
18 error code EACCES
19 error errno 3
20 error stack Error: EACCES, unlink '/usr/local/bin/html5-boilerplate'
21 verbose exit [ 3, true ]
